<?xml version="1.0" encoding="UTF-8" ?>
<testsuite tests="8" failures="0" name="CalculadoraTest" time="0.007" errors="0" skipped="0">
  <properties>
[...]
</properties>
  <testcase classname="CalculadoraTest" name="testException" time="0.007"/>
  <testcase classname="CalculadoraTest" name="testResta" time="0"/>
  <testcase classname="CalculadoraTest" name="testSuma" time="0"/>
  <testcase classname="CalculadoraTest" name="testMultiplica" time="0"/>
  <testcase classname="CalculadoraTest" name="testDivision" time="0"/>
  <testcase classname="CalculadoraTest" name="testDivide0" time="0"/>
  <testcase classname="CalculadoraTest" name="testDivide2" time="0"/>
  <testcase classname="CalculadoraTest" name="testResta2" time="0"/>
</testsuite>